Determining if the pthread_create exist failed with the following output:
Change Dir: /home/c++code/NetwordLibrary/cmake-build-debug/CMakeFiles/CMakeTmp

Run Build Command:"/usr/bin/make" "cmTC_f2a1c/fast"
/usr/bin/make -f CMakeFiles/cmTC_f2a1c.dir/build.make CMakeFiles/cmTC_f2a1c.dir/build
make[1]: Entering directory '/home/c++code/NetwordLibrary/cmake-build-debug/CMakeFiles/CMakeTmp'
Building C object CMakeFiles/cmTC_f2a1c.dir/CheckSymbolExists.c.o
/usr/bin/cc     -o CMakeFiles/cmTC_f2a1c.dir/CheckSymbolExists.c.o   -c /home/c++code/NetwordLibrary/cmake-build-debug/CMakeFiles/CMakeTmp/CheckSymbolExists.c
Linking C executable cmTC_f2a1c
/home/jackson/software/clion-2016.3.3/bin/cmake/bin/cmake -E cmake_link_script CMakeFiles/cmTC_f2a1c.dir/link.txt --verbose=1
/usr/bin/cc       CMakeFiles/cmTC_f2a1c.dir/CheckSymbolExists.c.o  -o cmTC_f2a1c 
CMakeFiles/cmTC_f2a1c.dir/CheckSymbolExists.c.o：在函数‘main’中：
CheckSymbolExists.c:(.text+0x16)：对‘pthread_create’未定义的引用
collect2: error: ld returned 1 exit status
CMakeFiles/cmTC_f2a1c.dir/build.make:97: recipe for target 'cmTC_f2a1c' failed
make[1]: *** [cmTC_f2a1c] Error 1
make[1]: Leaving directory '/home/c++code/NetwordLibrary/cmake-build-debug/CMakeFiles/CMakeTmp'
Makefile:126: recipe for target 'cmTC_f2a1c/fast' failed
make: *** [cmTC_f2a1c/fast] Error 2

File /home/c++code/NetwordLibrary/cmake-build-debug/CMakeFiles/CMakeTmp/CheckSymbolExists.c:
/* */
#include <pthread.h>

int main(int argc, char** argv)
{
  (void)argv;
#ifndef pthread_create
  return ((int*)(&pthread_create))[argc];
#else
  (void)argc;
  return 0;
#endif
}

Determining if the function pthread_create exists in the pthreads failed with the following output:
Change Dir: /home/c++code/NetwordLibrary/cmake-build-debug/CMakeFiles/CMakeTmp

Run Build Command:"/usr/bin/make" "cmTC_83940/fast"
/usr/bin/make -f CMakeFiles/cmTC_83940.dir/build.make CMakeFiles/cmTC_83940.dir/build
make[1]: Entering directory '/home/c++code/NetwordLibrary/cmake-build-debug/CMakeFiles/CMakeTmp'
Building C object CMakeFiles/cmTC_83940.dir/CheckFunctionExists.c.o
/usr/bin/cc    -DCHECK_FUNCTION_EXISTS=pthread_create   -o CMakeFiles/cmTC_83940.dir/CheckFunctionExists.c.o   -c /home/jackson/software/clion-2016.3.3/bin/cmake/share/cmake-3.6/Modules/CheckFunctionExists.c
Linking C executable cmTC_83940
/home/jackson/software/clion-2016.3.3/bin/cmake/bin/cmake -E cmake_link_script CMakeFiles/cmTC_83940.dir/link.txt --verbose=1
/usr/bin/cc   -DCHECK_FUNCTION_EXISTS=pthread_create    CMakeFiles/cmTC_83940.dir/CheckFunctionExists.c.o  -o cmTC_83940 -lpthreads 
/usr/bin/ld: 找不到 -lpthreads
collect2: error: ld returned 1 exit status
CMakeFiles/cmTC_83940.dir/build.make:97: recipe for target 'cmTC_83940' failed
make[1]: *** [cmTC_83940] Error 1
make[1]: Leaving directory '/home/c++code/NetwordLibrary/cmake-build-debug/CMakeFiles/CMakeTmp'
Makefile:126: recipe for target 'cmTC_83940/fast' failed
make: *** [cmTC_83940/fast] Error 2


